This file contains any messages produced by compilers while
running configure, to aid debugging if configure makes a mistake.

It was created by newlib configure 2.2.0, which was
generated by GNU Autoconf 2.69.  Invocation command line was

  $ /cygdrive/e/intelfpga/17.1/nios2eds/bin/gnu/src/newlib-2.2/newlib/libc/sys/configure --disable-option-checking --prefix=/cygdrive/e/2018/led_signage/LED_Controller_CycloneV_rev2/quartus_17_1/software/ledctrl_nios_bsp/newlib --with-newlib --with-cross-host=x86_64-unknown-cygwin --enable-multilib --enable-newlib-nano-malloc --program-transform-name=s&^&nios2-elf-& --with-target-subdir=nios2-elf --build=x86_64-unknown-cygwin --host=nios2-elf --target=nios2-elf build_alias=x86_64-unknown-cygwin host_alias=nios2-elf target_alias=nios2-elf CC=/cygdrive/e/2018/led_signage/LED_Controller_CycloneV_rev2/quartus_17_1/software/ledctrl_nios_bsp/newlib-build-tmp/build-newlib-stage-wrapper nios2-elf-gcc -B/cygdrive/e/2018/led_signage/LED_Controller_CycloneV_rev2/quartus_17_1/software/ledctrl_nios_bsp/newlib-build-tmp/smallc/nios2-elf/newlib/ -isystem /cygdrive/e/2018/led_signage/LED_Controller_CycloneV_rev2/quartus_17_1/software/ledctrl_nios_bsp/newlib-build-tmp/smallc/nios2-elf/newlib/targ-include -isystem /cygdrive/e/intelfpga/17.1/nios2eds/bin/gnu/src/newlib-2.2/newlib/libc/include -B/cygdrive/e/2018/led_signage/LED_Controller_CycloneV_rev2/quartus_17_1/software/ledctrl_nios_bsp/newlib-build-tmp/smallc/nios2-elf/libgloss/nios2 -L/cygdrive/e/2018/led_signage/LED_Controller_CycloneV_rev2/quartus_17_1/software/ledctrl_nios_bsp/newlib-build-tmp/smallc/nios2-elf/libgloss/libnosys -L/cygdrive/e/intelfpga/17.1/nios2eds/bin/gnu/src/newlib-2.2/libgloss/nios2    CFLAGS=-g -Os -ffunction-sections -fdata-sections -mno-gpopt LDFLAGS= CPPFLAGS= --cache-file=../.././config.cache --srcdir=/cygdrive/e/intelfpga/17.1/nios2eds/bin/gnu/src/newlib-2.2/newlib/libc/sys

## --------- ##
## Platform. ##
## --------- ##

hostname = lgemediaplayer
uname -m = x86_64
uname -r = 1.7.32(0.274/5/3)
uname -s = CYGWIN_NT-10.0
uname -v = 2014-08-13 23:06

/usr/bin/uname -p = unknown
/bin/uname -X     = unknown

/bin/arch              = x86_64
/usr/bin/arch -k       = unknown
/usr/convex/getsysinfo = unknown
/usr/bin/hostinfo      = unknown
/bin/machine           = unknown
/usr/bin/oslevel       = unknown
/bin/universe          = unknown

PATH: /bin
PATH: /cygdrive/e/intelFPGA/17.1/nios2eds/bin/gnu/H-x86_64-mingw32/bin


## ----------- ##
## Core tests. ##
## ----------- ##

configure:2099: loading cache ../.././config.cache
configure:2217: checking build system type
configure:2231: result: x86_64-unknown-cygwin
configure:2251: checking host system type
configure:2264: result: nios2-unknown-elf
configure:2300: checking for a BSD-compatible install
configure:2368: result: /bin/install -c
configure:2379: checking whether build environment is sane
configure:2429: result: yes
configure:2478: checking for nios2-elf-strip
configure:2505: result: nios2-elf-strip
configure:2570: checking for a thread-safe mkdir -p
configure:2609: result: /bin/mkdir -p
configure:2622: checking for gawk
configure:2649: result: gawk
configure:2660: checking whether make sets $(MAKE)
configure:2682: result: yes
configure:2712: checking for style of include used by make
configure:2740: result: GNU
configure:2950: checking for gcc
configure:2977: result: /cygdrive/e/2018/led_signage/LED_Controller_CycloneV_rev2/quartus_17_1/software/ledctrl_nios_bsp/newlib-build-tmp/build-newlib-stage-wrapper nios2-elf-gcc -B/cygdrive/e/2018/led_signage/LED_Controller_CycloneV_rev2/quartus_17_1/software/ledctrl_nios_bsp/newlib-build-tmp/smallc/nios2-elf/newlib/ -isystem /cygdrive/e/2018/led_signage/LED_Controller_CycloneV_rev2/quartus_17_1/software/ledctrl_nios_bsp/newlib-build-tmp/smallc/nios2-elf/newlib/targ-include -isystem /cygdrive/e/intelfpga/17.1/nios2eds/bin/gnu/src/newlib-2.2/newlib/libc/include -B/cygdrive/e/2018/led_signage/LED_Controller_CycloneV_rev2/quartus_17_1/software/ledctrl_nios_bsp/newlib-build-tmp/smallc/nios2-elf/libgloss/nios2 -L/cygdrive/e/2018/led_signage/LED_Controller_CycloneV_rev2/quartus_17_1/software/ledctrl_nios_bsp/newlib-build-tmp/smallc/nios2-elf/libgloss/libnosys -L/cygdrive/e/intelfpga/17.1/nios2eds/bin/gnu/src/newlib-2.2/libgloss/nios2   
configure:2988: checking dependency style of /cygdrive/e/2018/led_signage/LED_Controller_CycloneV_rev2/quartus_17_1/software/ledctrl_nios_bsp/newlib-build-tmp/build-newlib-stage-wrapper nios2-elf-gcc -B/cygdrive/e/2018/led_signage/LED_Controller_CycloneV_rev2/quartus_17_1/software/ledctrl_nios_bsp/newlib-build-tmp/smallc/nios2-elf/newlib/ -isystem /cygdrive/e/2018/led_signage/LED_Controller_CycloneV_rev2/quartus_17_1/software/ledctrl_nios_bsp/newlib-build-tmp/smallc/nios2-elf/newlib/targ-include -isystem /cygdrive/e/intelfpga/17.1/nios2eds/bin/gnu/src/newlib-2.2/newlib/libc/include -B/cygdrive/e/2018/led_signage/LED_Controller_CycloneV_rev2/quartus_17_1/software/ledctrl_nios_bsp/newlib-build-tmp/smallc/nios2-elf/libgloss/nios2 -L/cygdrive/e/2018/led_signage/LED_Controller_CycloneV_rev2/quartus_17_1/software/ledctrl_nios_bsp/newlib-build-tmp/smallc/nios2-elf/libgloss/libnosys -L/cygdrive/e/intelfpga/17.1/nios2eds/bin/gnu/src/newlib-2.2/libgloss/nios2   
configure:3099: result: gcc3
configure:3172: checking whether we are using GNU C
configure:3193: result: yes
configure:3202: checking whether /cygdrive/e/2018/led_signage/LED_Controller_CycloneV_rev2/quartus_17_1/software/ledctrl_nios_bsp/newlib-build-tmp/build-newlib-stage-wrapper nios2-elf-gcc -B/cygdrive/e/2018/led_signage/LED_Controller_CycloneV_rev2/quartus_17_1/software/ledctrl_nios_bsp/newlib-build-tmp/smallc/nios2-elf/newlib/ -isystem /cygdrive/e/2018/led_signage/LED_Controller_CycloneV_rev2/quartus_17_1/software/ledctrl_nios_bsp/newlib-build-tmp/smallc/nios2-elf/newlib/targ-include -isystem /cygdrive/e/intelfpga/17.1/nios2eds/bin/gnu/src/newlib-2.2/newlib/libc/include -B/cygdrive/e/2018/led_signage/LED_Controller_CycloneV_rev2/quartus_17_1/software/ledctrl_nios_bsp/newlib-build-tmp/smallc/nios2-elf/libgloss/nios2 -L/cygdrive/e/2018/led_signage/LED_Controller_CycloneV_rev2/quartus_17_1/software/ledctrl_nios_bsp/newlib-build-tmp/smallc/nios2-elf/libgloss/libnosys -L/cygdrive/e/intelfpga/17.1/nios2eds/bin/gnu/src/newlib-2.2/libgloss/nios2    accepts -g
configure:3263: result: no
configure:3296: checking for nios2-elf-as
configure:3323: result: /cygdrive/e/2018/led_signage/LED_Controller_CycloneV_rev2/quartus_17_1/software/ledctrl_nios_bsp/newlib-build-tmp/build-newlib-stage-wrapper nios2-elf-as
configure:3388: checking for nios2-elf-ar
configure:3415: result: /cygdrive/e/2018/led_signage/LED_Controller_CycloneV_rev2/quartus_17_1/software/ledctrl_nios_bsp/newlib-build-tmp/build-newlib-stage-wrapper nios2-elf-ar
configure:3480: checking for nios2-elf-ranlib
configure:3507: result: /cygdrive/e/2018/led_signage/LED_Controller_CycloneV_rev2/quartus_17_1/software/ledctrl_nios_bsp/newlib-build-tmp/build-newlib-stage-wrapper nios2-elf-ranlib
configure:3572: checking for nios2-elf-readelf
configure:3599: result: nios2-elf-readelf
configure:3668: checking whether to enable maintainer-specific portions of Makefiles
configure:3677: result: no
configure:3787: checking for a sed that does not truncate output
configure:3851: result: /bin/sed
configure:3873: checking how to print strings
configure:3900: result: printf
configure:12133: creating ./config.status
