This file contains any messages produced by compilers while
running configure, to aid debugging if configure makes a mistake.

It was created by newlib configure 2.2.0, which was
generated by GNU Autoconf 2.69.  Invocation command line was

  $ /cygdrive/e/intelfpga/17.1/nios2eds/bin/gnu/src/newlib-2.2/newlib/libc/configure --disable-option-checking --prefix=/cygdrive/e/2018/led_signage/LED_Controller_CycloneV_rev2/quartus_17_1/software/ledctrl_nios_bsp/newlib --with-newlib --with-cross-host=x86_64-unknown-cygwin --enable-multilib --enable-newlib-nano-malloc --program-transform-name=s&^&nios2-elf-& --with-target-subdir=nios2-elf --build=x86_64-unknown-cygwin --host=nios2-elf --target=nios2-elf build_alias=x86_64-unknown-cygwin host_alias=nios2-elf target_alias=nios2-elf CC=/cygdrive/e/2018/led_signage/LED_Controller_CycloneV_rev2/quartus_17_1/software/ledctrl_nios_bsp/newlib-build-tmp/build-newlib-stage-wrapper nios2-elf-gcc -B/cygdrive/e/2018/led_signage/LED_Controller_CycloneV_rev2/quartus_17_1/software/ledctrl_nios_bsp/newlib-build-tmp/smallc/nios2-elf/newlib/ -isystem /cygdrive/e/2018/led_signage/LED_Controller_CycloneV_rev2/quartus_17_1/software/ledctrl_nios_bsp/newlib-build-tmp/smallc/nios2-elf/newlib/targ-include -isystem /cygdrive/e/intelfpga/17.1/nios2eds/bin/gnu/src/newlib-2.2/newlib/libc/include -B/cygdrive/e/2018/led_signage/LED_Controller_CycloneV_rev2/quartus_17_1/software/ledctrl_nios_bsp/newlib-build-tmp/smallc/nios2-elf/libgloss/nios2 -L/cygdrive/e/2018/led_signage/LED_Controller_CycloneV_rev2/quartus_17_1/software/ledctrl_nios_bsp/newlib-build-tmp/smallc/nios2-elf/libgloss/libnosys -L/cygdrive/e/intelfpga/17.1/nios2eds/bin/gnu/src/newlib-2.2/libgloss/nios2    CFLAGS=-g -Os -ffunction-sections -fdata-sections -mno-gpopt LDFLAGS= CPPFLAGS= --cache-file=.././config.cache --srcdir=/cygdrive/e/intelfpga/17.1/nios2eds/bin/gnu/src/newlib-2.2/newlib/libc

## --------- ##
## Platform. ##
## --------- ##

hostname = lgemediaplayer
uname -m = x86_64
uname -r = 1.7.32(0.274/5/3)
uname -s = CYGWIN_NT-10.0
uname -v = 2014-08-13 23:06

/usr/bin/uname -p = unknown
/bin/uname -X     = unknown

/bin/arch              = x86_64
/usr/bin/arch -k       = unknown
/usr/convex/getsysinfo = unknown
/usr/bin/hostinfo      = unknown
/bin/machine           = unknown
/usr/bin/oslevel       = unknown
/bin/universe          = unknown

PATH: /bin
PATH: /cygdrive/e/intelFPGA/17.1/nios2eds/bin/gnu/H-x86_64-mingw32/bin


## ----------- ##
## Core tests. ##
## ----------- ##

configure:2120: loading cache .././config.cache
configure:2281: checking build system type
configure:2295: result: x86_64-unknown-cygwin
configure:2315: checking host system type
configure:2328: result: nios2-unknown-elf
configure:2364: checking for a BSD-compatible install
configure:2432: result: /bin/install -c
configure:2443: checking whether build environment is sane
configure:2493: result: yes
configure:2542: checking for nios2-elf-strip
configure:2569: result: nios2-elf-strip
configure:2634: checking for a thread-safe mkdir -p
configure:2673: result: /bin/mkdir -p
configure:2686: checking for gawk
configure:2713: result: gawk
configure:2724: checking whether make sets $(MAKE)
configure:2746: result: yes
configure:2776: checking for style of include used by make
configure:2804: result: GNU
configure:3014: checking for gcc
configure:3041: result: /cygdrive/e/2018/led_signage/LED_Controller_CycloneV_rev2/quartus_17_1/software/ledctrl_nios_bsp/newlib-build-tmp/build-newlib-stage-wrapper nios2-elf-gcc -B/cygdrive/e/2018/led_signage/LED_Controller_CycloneV_rev2/quartus_17_1/software/ledctrl_nios_bsp/newlib-build-tmp/smallc/nios2-elf/newlib/ -isystem /cygdrive/e/2018/led_signage/LED_Controller_CycloneV_rev2/quartus_17_1/software/ledctrl_nios_bsp/newlib-build-tmp/smallc/nios2-elf/newlib/targ-include -isystem /cygdrive/e/intelfpga/17.1/nios2eds/bin/gnu/src/newlib-2.2/newlib/libc/include -B/cygdrive/e/2018/led_signage/LED_Controller_CycloneV_rev2/quartus_17_1/software/ledctrl_nios_bsp/newlib-build-tmp/smallc/nios2-elf/libgloss/nios2 -L/cygdrive/e/2018/led_signage/LED_Controller_CycloneV_rev2/quartus_17_1/software/ledctrl_nios_bsp/newlib-build-tmp/smallc/nios2-elf/libgloss/libnosys -L/cygdrive/e/intelfpga/17.1/nios2eds/bin/gnu/src/newlib-2.2/libgloss/nios2   
configure:3052: checking dependency style of /cygdrive/e/2018/led_signage/LED_Controller_CycloneV_rev2/quartus_17_1/software/ledctrl_nios_bsp/newlib-build-tmp/build-newlib-stage-wrapper nios2-elf-gcc -B/cygdrive/e/2018/led_signage/LED_Controller_CycloneV_rev2/quartus_17_1/software/ledctrl_nios_bsp/newlib-build-tmp/smallc/nios2-elf/newlib/ -isystem /cygdrive/e/2018/led_signage/LED_Controller_CycloneV_rev2/quartus_17_1/software/ledctrl_nios_bsp/newlib-build-tmp/smallc/nios2-elf/newlib/targ-include -isystem /cygdrive/e/intelfpga/17.1/nios2eds/bin/gnu/src/newlib-2.2/newlib/libc/include -B/cygdrive/e/2018/led_signage/LED_Controller_CycloneV_rev2/quartus_17_1/software/ledctrl_nios_bsp/newlib-build-tmp/smallc/nios2-elf/libgloss/nios2 -L/cygdrive/e/2018/led_signage/LED_Controller_CycloneV_rev2/quartus_17_1/software/ledctrl_nios_bsp/newlib-build-tmp/smallc/nios2-elf/libgloss/libnosys -L/cygdrive/e/intelfpga/17.1/nios2eds/bin/gnu/src/newlib-2.2/libgloss/nios2   
configure:3163: result: gcc3
configure:3236: checking whether we are using GNU C
configure:3257: result: yes
configure:3266: checking whether /cygdrive/e/2018/led_signage/LED_Controller_CycloneV_rev2/quartus_17_1/software/ledctrl_nios_bsp/newlib-build-tmp/build-newlib-stage-wrapper nios2-elf-gcc -B/cygdrive/e/2018/led_signage/LED_Controller_CycloneV_rev2/quartus_17_1/software/ledctrl_nios_bsp/newlib-build-tmp/smallc/nios2-elf/newlib/ -isystem /cygdrive/e/2018/led_signage/LED_Controller_CycloneV_rev2/quartus_17_1/software/ledctrl_nios_bsp/newlib-build-tmp/smallc/nios2-elf/newlib/targ-include -isystem /cygdrive/e/intelfpga/17.1/nios2eds/bin/gnu/src/newlib-2.2/newlib/libc/include -B/cygdrive/e/2018/led_signage/LED_Controller_CycloneV_rev2/quartus_17_1/software/ledctrl_nios_bsp/newlib-build-tmp/smallc/nios2-elf/libgloss/nios2 -L/cygdrive/e/2018/led_signage/LED_Controller_CycloneV_rev2/quartus_17_1/software/ledctrl_nios_bsp/newlib-build-tmp/smallc/nios2-elf/libgloss/libnosys -L/cygdrive/e/intelfpga/17.1/nios2eds/bin/gnu/src/newlib-2.2/libgloss/nios2    accepts -g
configure:3327: result: no
configure:3360: checking for nios2-elf-as
configure:3387: result: /cygdrive/e/2018/led_signage/LED_Controller_CycloneV_rev2/quartus_17_1/software/ledctrl_nios_bsp/newlib-build-tmp/build-newlib-stage-wrapper nios2-elf-as
configure:3452: checking for nios2-elf-ar
configure:3479: result: /cygdrive/e/2018/led_signage/LED_Controller_CycloneV_rev2/quartus_17_1/software/ledctrl_nios_bsp/newlib-build-tmp/build-newlib-stage-wrapper nios2-elf-ar
configure:3544: checking for nios2-elf-ranlib
configure:3571: result: /cygdrive/e/2018/led_signage/LED_Controller_CycloneV_rev2/quartus_17_1/software/ledctrl_nios_bsp/newlib-build-tmp/build-newlib-stage-wrapper nios2-elf-ranlib
configure:3636: checking for nios2-elf-readelf
configure:3663: result: nios2-elf-readelf
configure:3732: checking whether to enable maintainer-specific portions of Makefiles
configure:3741: result: no
configure:3860: checking for a sed that does not truncate output
configure:3924: result: /bin/sed
configure:3946: checking how to print strings
configure:3973: result: printf
configure:12115: checking Checking long double support
configure:12139: result: yes
configure:12421: creating ./config.status

## ---------------------- ##
## Running config.status. ##
## ---------------------- ##

This file was extended by newlib config.status 2.2.0, which was
generated by GNU Autoconf 2.69.  Invocation command line was

  CONFIG_FILES    = 
  CONFIG_HEADERS  = 
  CONFIG_LINKS    = 
  CONFIG_COMMANDS = 
  $ ./config.status 

on lgemediaplayer

config.status:1098: creating Makefile
config.status:1098: creating aeabi/Makefile
config.status:1098: creating argz/Makefile
config.status:1098: creating ctype/Makefile
config.status:1098: creating errno/Makefile
config.status:1098: creating locale/Makefile
config.status:1098: creating misc/Makefile
config.status:1098: creating reent/Makefile
config.status:1098: creating search/Makefile
config.status:1098: creating stdio/Makefile
config.status:1098: creating stdio64/Makefile
config.status:1098: creating stdlib/Makefile
config.status:1098: creating string/Makefile
config.status:1098: creating time/Makefile
config.status:1098: creating posix/Makefile
config.status:1098: creating signal/Makefile
config.status:1098: creating syscalls/Makefile
config.status:1098: creating unix/Makefile
config.status:1098: creating iconv/Makefile
config.status:1098: creating iconv/ces/Makefile
config.status:1098: creating iconv/ccs/Makefile
config.status:1098: creating iconv/ccs/binary/Makefile
config.status:1098: creating iconv/lib/Makefile
config.status:1098: creating xdr/Makefile
config.status:1255: executing depfiles commands
configure:14551: === configuring in machine (/cygdrive/e/2018/led_signage/LED_Controller_CycloneV_rev2/quartus_17_1/software/ledctrl_nios_bsp/newlib-build-tmp/smallc/nios2-elf/newlib/libc/machine)
configure:14614: running /bin/sh /cygdrive/e/intelfpga/17.1/nios2eds/bin/gnu/src/newlib-2.2/newlib/libc/machine/configure --disable-option-checking '--prefix=/cygdrive/e/2018/led_signage/LED_Controller_CycloneV_rev2/quartus_17_1/software/ledctrl_nios_bsp/newlib'  '--with-newlib' '--with-cross-host=x86_64-unknown-cygwin' '--enable-multilib' '--enable-newlib-nano-malloc' '--program-transform-name=s&^&nios2-elf-&' '--with-target-subdir=nios2-elf' '--build=x86_64-unknown-cygwin' '--host=nios2-elf' '--target=nios2-elf' 'build_alias=x86_64-unknown-cygwin' 'host_alias=nios2-elf' 'target_alias=nios2-elf' 'CC=/cygdrive/e/2018/led_signage/LED_Controller_CycloneV_rev2/quartus_17_1/software/ledctrl_nios_bsp/newlib-build-tmp/build-newlib-stage-wrapper nios2-elf-gcc -B/cygdrive/e/2018/led_signage/LED_Controller_CycloneV_rev2/quartus_17_1/software/ledctrl_nios_bsp/newlib-build-tmp/smallc/nios2-elf/newlib/ -isystem /cygdrive/e/2018/led_signage/LED_Controller_CycloneV_rev2/quartus_17_1/software/ledctrl_nios_bsp/newlib-build-tmp/smallc/nios2-elf/newlib/targ-include -isystem /cygdrive/e/intelfpga/17.1/nios2eds/bin/gnu/src/newlib-2.2/newlib/libc/include -B/cygdrive/e/2018/led_signage/LED_Controller_CycloneV_rev2/quartus_17_1/software/ledctrl_nios_bsp/newlib-build-tmp/smallc/nios2-elf/libgloss/nios2 -L/cygdrive/e/2018/led_signage/LED_Controller_CycloneV_rev2/quartus_17_1/software/ledctrl_nios_bsp/newlib-build-tmp/smallc/nios2-elf/libgloss/libnosys -L/cygdrive/e/intelfpga/17.1/nios2eds/bin/gnu/src/newlib-2.2/libgloss/nios2   ' 'CFLAGS=-g -Os -ffunction-sections -fdata-sections -mno-gpopt' 'LDFLAGS=' 'CPPFLAGS=' --cache-file=../.././config.cache --srcdir=/cygdrive/e/intelfpga/17.1/nios2eds/bin/gnu/src/newlib-2.2/newlib/libc/machine
configure:14551: === configuring in sys (/cygdrive/e/2018/led_signage/LED_Controller_CycloneV_rev2/quartus_17_1/software/ledctrl_nios_bsp/newlib-build-tmp/smallc/nios2-elf/newlib/libc/sys)
configure:14614: running /bin/sh /cygdrive/e/intelfpga/17.1/nios2eds/bin/gnu/src/newlib-2.2/newlib/libc/sys/configure --disable-option-checking '--prefix=/cygdrive/e/2018/led_signage/LED_Controller_CycloneV_rev2/quartus_17_1/software/ledctrl_nios_bsp/newlib'  '--with-newlib' '--with-cross-host=x86_64-unknown-cygwin' '--enable-multilib' '--enable-newlib-nano-malloc' '--program-transform-name=s&^&nios2-elf-&' '--with-target-subdir=nios2-elf' '--build=x86_64-unknown-cygwin' '--host=nios2-elf' '--target=nios2-elf' 'build_alias=x86_64-unknown-cygwin' 'host_alias=nios2-elf' 'target_alias=nios2-elf' 'CC=/cygdrive/e/2018/led_signage/LED_Controller_CycloneV_rev2/quartus_17_1/software/ledctrl_nios_bsp/newlib-build-tmp/build-newlib-stage-wrapper nios2-elf-gcc -B/cygdrive/e/2018/led_signage/LED_Controller_CycloneV_rev2/quartus_17_1/software/ledctrl_nios_bsp/newlib-build-tmp/smallc/nios2-elf/newlib/ -isystem /cygdrive/e/2018/led_signage/LED_Controller_CycloneV_rev2/quartus_17_1/software/ledctrl_nios_bsp/newlib-build-tmp/smallc/nios2-elf/newlib/targ-include -isystem /cygdrive/e/intelfpga/17.1/nios2eds/bin/gnu/src/newlib-2.2/newlib/libc/include -B/cygdrive/e/2018/led_signage/LED_Controller_CycloneV_rev2/quartus_17_1/software/ledctrl_nios_bsp/newlib-build-tmp/smallc/nios2-elf/libgloss/nios2 -L/cygdrive/e/2018/led_signage/LED_Controller_CycloneV_rev2/quartus_17_1/software/ledctrl_nios_bsp/newlib-build-tmp/smallc/nios2-elf/libgloss/libnosys -L/cygdrive/e/intelfpga/17.1/nios2eds/bin/gnu/src/newlib-2.2/libgloss/nios2   ' 'CFLAGS=-g -Os -ffunction-sections -fdata-sections -mno-gpopt' 'LDFLAGS=' 'CPPFLAGS=' --cache-file=../.././config.cache --srcdir=/cygdrive/e/intelfpga/17.1/nios2eds/bin/gnu/src/newlib-2.2/newlib/libc/sys
